<?xml version="1.0" encoding="UTF-8"?>
<testng-results skipped="0" failed="0" total="1" passed="1">
  <reporter-output>
  </reporter-output>
  <suite name="suite" duration-ms="10155" started-at="2016-09-01T12:54:19Z" finished-at="2016-09-01T12:54:29Z">
    <groups>
    </groups>
    <test name="Test" duration-ms="10155" started-at="2016-09-01T12:54:19Z" finished-at="2016-09-01T12:54:29Z">
      <class name="testCases.ExecuteTest">
        <test-method status="PASS" signature="beforeTest()[pri:0, instance:testCases.ExecuteTest@4c75cab9]" name="beforeTest" is-config="true" duration-ms="5826" started-at="2016-09-01T18:24:19Z" finished-at="2016-09-01T18:24:25Z">
          <reporter-output>
          </reporter-output>
        </test-method> <!-- beforeTest -->
        <test-method status="PASS" signature="testHomePage()[pri:0, instance:testCases.ExecuteTest@4c75cab9]" name="testHomePage" duration-ms="4294" started-at="2016-09-01T18:24:25Z" finished-at="2016-09-01T18:24:29Z">
          <reporter-output>
          </reporter-output>
        </test-method> <!-- testHomePage -->
        <test-method status="PASS" signature="afterTest()[pri:0, instance:testCases.ExecuteTest@4c75cab9]" name="afterTest" is-config="true" duration-ms="19" started-at="2016-09-01T18:24:29Z" finished-at="2016-09-01T18:24:29Z">
          <reporter-output>
          </reporter-output>
        </test-method> <!-- afterTest -->
      </class> <!-- testCases.ExecuteTest -->
    </test> <!-- Test -->
  </suite> <!-- suite -->
</testng-results>
