<?xml version="1.0" encoding="UTF-8"?>
<testng-results skipped="0" failed="0" total="1" passed="1">
  <reporter-output>
  </reporter-output>
  <suite name="Default suite" duration-ms="9334" started-at="2016-09-19T10:27:57Z" finished-at="2016-09-19T10:28:07Z">
    <groups>
    </groups>
    <test name="Default test" duration-ms="9334" started-at="2016-09-19T10:27:57Z" finished-at="2016-09-19T10:28:07Z">
      <class name="testCases.ExecuteTest">
        <test-method status="PASS" signature="beforeTest()[pri:0, instance:testCases.ExecuteTest@51081592]" name="beforeTest" is-config="true" duration-ms="8849" started-at="2016-09-19T15:57:57Z" finished-at="2016-09-19T15:58:06Z">
          <reporter-output>
          </reporter-output>
        </test-method> <!-- beforeTest -->
        <test-method status="PASS" signature="testSignUpPage()[pri:1, instance:testCases.ExecuteTest@51081592]" name="testSignUpPage" duration-ms="330" started-at="2016-09-19T15:58:06Z" finished-at="2016-09-19T15:58:07Z">
          <reporter-output>
          </reporter-output>
        </test-method> <!-- testSignUpPage -->
        <test-method status="PASS" signature="afterTest()[pri:0, instance:testCases.ExecuteTest@51081592]" name="afterTest" is-config="true" duration-ms="132" started-at="2016-09-19T15:58:07Z" finished-at="2016-09-19T15:58:07Z">
          <reporter-output>
          </reporter-output>
        </test-method> <!-- afterTest -->
      </class> <!-- testCases.ExecuteTest -->
    </test> <!-- Default test -->
  </suite> <!-- Default suite -->
</testng-results>
